-- The C compiler identification is GNU 11.4.0
-- The CXX compiler identification is GNU 11.4.0
-- Detecting C compiler ABI info
-- Detecting C compiler ABI info - done
-- Check for working C compiler: /usr/bin/cc - skipped
-- Detecting C compile features
-- Detecting C compile features - done
-- Detecting CXX compiler ABI info
-- Detecting CXX compiler ABI info - done
-- Check for working CXX compiler: /usr/bin/c++ - skipped
-- Detecting CXX compile features
-- Detecting CXX compile features - done
-- Found ament_cmake: 2.0.5 (/opt/ros/iron/share/ament_cmake/cmake)
-- Found Python3: /usr/bin/python3.10 (found version "3.10.12") found components: Interpreter 
-- Found rclcpp: 21.0.6 (/opt/ros/iron/share/rclcpp/cmake)
-- Found rosidl_generator_c: 4.0.1 (/opt/ros/iron/share/rosidl_generator_c/cmake)
-- Found rosidl_generator_cpp: 4.0.1 (/opt/ros/iron/share/rosidl_generator_cpp/cmake)
-- Using all available rosidl_typesupport_c: rosidl_typesupport_fastrtps_c;rosidl_typesupport_introspection_c
-- Using all available rosidl_typesupport_cpp: rosidl_typesupport_fastrtps_cpp;rosidl_typesupport_introspection_cpp
-- Found rmw_implementation_cmake: 7.1.0 (/opt/ros/iron/share/rmw_implementation_cmake/cmake)
-- Found rmw_fastrtps_cpp: 7.1.3 (/opt/ros/iron/share/rmw_fastrtps_cpp/cmake)
-- Found OpenSSL: /usr/lib/aarch64-linux-gnu/libcrypto.so (found version "3.0.2")  
-- Found FastRTPS: /opt/ros/iron/include  
-- Using RMW implementation 'rmw_fastrtps_cpp' as default
-- Found rclpy: 4.1.5 (/opt/ros/iron/share/rclpy/cmake)
-- Found geometry_msgs: 5.0.1 (/opt/ros/iron/share/geometry_msgs/cmake)
-- Found nav_msgs: 5.0.1 (/opt/ros/iron/share/nav_msgs/cmake)
-- Found ackermann_msgs: 2.0.2 (/opt/ros/iron/share/ackermann_msgs/cmake)
-- Found sensor_msgs: 5.0.1 (/opt/ros/iron/share/sensor_msgs/cmake)
-- Found visualization_msgs: 5.0.1 (/opt/ros/iron/share/visualization_msgs/cmake)
-- Found tf2_ros: 0.31.7 (/opt/ros/iron/share/tf2_ros/cmake)
-- Found ament_lint_auto: 0.14.3 (/opt/ros/iron/share/ament_lint_auto/cmake)
-- Added test 'copyright' to check source files copyright and LICENSE
-- Added test 'cppcheck' to perform static code analysis on C / C++ code
-- Configured cppcheck include dirs: /home/sohum/Graph_SLAM_Pure_Pursuit/pure_pursuit/include
-- Configured cppcheck exclude dirs and/or files: 
-- Added test 'cpplint' to check C / C++ code against the Google style
-- Configured cpplint exclude dirs and/or files: 
-- Added test 'flake8' to check Python code syntax and style conventions
-- Configured 'flake8' exclude dirs and/or files: 
-- Added test 'lint_cmake' to check CMake code style
-- Added test 'pep257' to check Python code against some of the docstring style conventions in PEP 257
-- Added test 'uncrustify' to check C / C++ code style
-- Configured uncrustify additional arguments: 
-- Added test 'xmllint' to check XML markup files
-- Configuring done
-- Generating done
-- Build files have been written to: /home/sohum/Graph_SLAM_Pure_Pursuit/pure_pursuit/build/pure_pursuit
[ 50%] [32mBuilding CXX object CMakeFiles/pure_pursuit_node.dir/src/pure_pursuit_node.cpp.o[0m
[ 50%] Built target ament_cmake_python_copy_pure_pursuit
[ 50%] Built target ament_cmake_python_copy_pure_pursuit_setup
/usr/lib/python3/dist-packages/setuptools/dist.py:723: UserWarning: Usage of dash-separated 'script-dir' will not be supported in future versions. Please use the underscore name 'script_dir' instead
  warnings.warn(
/usr/lib/python3/dist-packages/setuptools/dist.py:723: UserWarning: Usage of dash-separated 'install-scripts' will not be supported in future versions. Please use the underscore name 'install_scripts' instead
  warnings.warn(
running egg_info
creating pure_pursuit.egg-info
writing pure_pursuit.egg-info/PKG-INFO
writing dependency_links to pure_pursuit.egg-info/dependency_links.txt
writing top-level names to pure_pursuit.egg-info/top_level.txt
writing manifest file 'pure_pursuit.egg-info/SOURCES.txt'
reading manifest file 'pure_pursuit.egg-info/SOURCES.txt'
writing manifest file 'pure_pursuit.egg-info/SOURCES.txt'
[ 50%] Built target ament_cmake_python_build_pure_pursuit_egg
[01m[K/home/sohum/Graph_SLAM_Pure_Pursuit/pure_pursuit/src/pure_pursuit_node.cpp:32:81:[m[K [01;35m[Kwarning: [m[K‘[01m[Kgeometry_msgs::msg::PoseStamped_<std::allocator<void> >::ConstPtr[m[K’ is deprecated [[01;35m[K]8;;https://gcc.gnu.org/onlinedocs/gcc/Warning-Options.html#index-Wdeprecated-declarations-Wdeprecated-declarations]8;;[m[K]
   32 | ose_callback(const geometry_msgs::msg::PoseStamped::ConstPtr &pose_msg[01;35m[K)[m[K
      |                                                                       [01;35m[K^[m[K

In file included from [01m[K/opt/ros/iron/include/geometry_msgs/geometry_msgs/msg/pose_stamped.hpp:7[m[K,
                 from [01m[K/home/sohum/Graph_SLAM_Pure_Pursuit/pure_pursuit/src/pure_pursuit_node.cpp:10[m[K:
[01m[K/opt/ros/iron/include/geometry_msgs/geometry_msgs/msg/detail/pose_stamped__struct.hpp:115:5:[m[K [01;36m[Knote: [m[Kdeclared here
  115 |     [01;36m[KConstPtr[m[K;
      |     [01;36m[K^~~~~~~~[m[K
[01m[K/home/sohum/Graph_SLAM_Pure_Pursuit/pure_pursuit/src/pure_pursuit_node.cpp:[m[K In member function ‘[01m[Kvoid PurePursuit::pose_callback(const ConstPtr&)[m[K’:
[01m[K/home/sohum/Graph_SLAM_Pure_Pursuit/pure_pursuit/src/pure_pursuit_node.cpp:32:73:[m[K [01;35m[Kwarning: [m[Kunused parameter ‘[01m[Kpose_msg[m[K’ [[01;35m[K]8;;https://gcc.gnu.org/onlinedocs/gcc/Warning-Options.html#index-Wunused-parameter-Wunused-parameter]8;;[m[K]
   32 | ose_callback([01;35m[Kconst geometry_msgs::msg::PoseStamped::ConstPtr &pose_msg[m[K)
      |              [01;35m[K~~~~~~~~~~~~~~~~~~~~~~~~~~~~~~~~~~~~~~~~~~~~~~~~~^~~~~~~~[m[K

[100%] [32m[1mLinking CXX executable pure_pursuit_node[0m
[100%] Built target pure_pursuit_node
-- Install configuration: ""
-- Installing: /home/sohum/Graph_SLAM_Pure_Pursuit/pure_pursuit/install/pure_pursuit/lib/pure_pursuit/pure_pursuit_node
-- Set runtime path of "/home/sohum/Graph_SLAM_Pure_Pursuit/pure_pursuit/install/pure_pursuit/lib/pure_pursuit/pure_pursuit_node" to ""
-- Installing: /home/sohum/Graph_SLAM_Pure_Pursuit/pure_pursuit/install/pure_pursuit/share/pure_pursuit/environment/pythonpath.sh
-- Installing: /home/sohum/Graph_SLAM_Pure_Pursuit/pure_pursuit/install/pure_pursuit/share/pure_pursuit/environment/pythonpath.dsv
-- Installing: /home/sohum/Graph_SLAM_Pure_Pursuit/pure_pursuit/install/pure_pursuit/lib/python3.10/site-packages/pure_pursuit-0.0.0-py3.10.egg-info
-- Installing: /home/sohum/Graph_SLAM_Pure_Pursuit/pure_pursuit/install/pure_pursuit/lib/python3.10/site-packages/pure_pursuit-0.0.0-py3.10.egg-info/PKG-INFO
-- Installing: /home/sohum/Graph_SLAM_Pure_Pursuit/pure_pursuit/install/pure_pursuit/lib/python3.10/site-packages/pure_pursuit-0.0.0-py3.10.egg-info/SOURCES.txt
-- Installing: /home/sohum/Graph_SLAM_Pure_Pursuit/pure_pursuit/install/pure_pursuit/lib/python3.10/site-packages/pure_pursuit-0.0.0-py3.10.egg-info/dependency_links.txt
-- Installing: /home/sohum/Graph_SLAM_Pure_Pursuit/pure_pursuit/install/pure_pursuit/lib/python3.10/site-packages/pure_pursuit-0.0.0-py3.10.egg-info/top_level.txt
-- Installing: /home/sohum/Graph_SLAM_Pure_Pursuit/pure_pursuit/install/pure_pursuit/lib/python3.10/site-packages/pure_pursuit
-- Installing: /home/sohum/Graph_SLAM_Pure_Pursuit/pure_pursuit/install/pure_pursuit/lib/python3.10/site-packages/pure_pursuit/__init__.py
Listing '/home/sohum/Graph_SLAM_Pure_Pursuit/pure_pursuit/install/pure_pursuit/lib/python3.10/site-packages/pure_pursuit'...
Compiling '/home/sohum/Graph_SLAM_Pure_Pursuit/pure_pursuit/install/pure_pursuit/lib/python3.10/site-packages/pure_pursuit/__init__.py'...
-- Installing: /home/sohum/Graph_SLAM_Pure_Pursuit/pure_pursuit/install/pure_pursuit/lib/pure_pursuit/pure_pursuit_node.py
-- Installing: /home/sohum/Graph_SLAM_Pure_Pursuit/pure_pursuit/install/pure_pursuit/share/ament_index/resource_index/package_run_dependencies/pure_pursuit
-- Installing: /home/sohum/Graph_SLAM_Pure_Pursuit/pure_pursuit/install/pure_pursuit/share/ament_index/resource_index/parent_prefix_path/pure_pursuit
-- Installing: /home/sohum/Graph_SLAM_Pure_Pursuit/pure_pursuit/install/pure_pursuit/share/pure_pursuit/environment/ament_prefix_path.sh
-- Installing: /home/sohum/Graph_SLAM_Pure_Pursuit/pure_pursuit/install/pure_pursuit/share/pure_pursuit/environment/ament_prefix_path.dsv
-- Installing: /home/sohum/Graph_SLAM_Pure_Pursuit/pure_pursuit/install/pure_pursuit/share/pure_pursuit/environment/path.sh
-- Installing: /home/sohum/Graph_SLAM_Pure_Pursuit/pure_pursuit/install/pure_pursuit/share/pure_pursuit/environment/path.dsv
-- Installing: /home/sohum/Graph_SLAM_Pure_Pursuit/pure_pursuit/install/pure_pursuit/share/pure_pursuit/local_setup.bash
-- Installing: /home/sohum/Graph_SLAM_Pure_Pursuit/pure_pursuit/install/pure_pursuit/share/pure_pursuit/local_setup.sh
-- Installing: /home/sohum/Graph_SLAM_Pure_Pursuit/pure_pursuit/install/pure_pursuit/share/pure_pursuit/local_setup.zsh
-- Installing: /home/sohum/Graph_SLAM_Pure_Pursuit/pure_pursuit/install/pure_pursuit/share/pure_pursuit/local_setup.dsv
-- Installing: /home/sohum/Graph_SLAM_Pure_Pursuit/pure_pursuit/install/pure_pursuit/share/pure_pursuit/package.dsv
-- Installing: /home/sohum/Graph_SLAM_Pure_Pursuit/pure_pursuit/install/pure_pursuit/share/ament_index/resource_index/packages/pure_pursuit
-- Installing: /home/sohum/Graph_SLAM_Pure_Pursuit/pure_pursuit/install/pure_pursuit/share/pure_pursuit/cmake/pure_pursuitConfig.cmake
-- Installing: /home/sohum/Graph_SLAM_Pure_Pursuit/pure_pursuit/install/pure_pursuit/share/pure_pursuit/cmake/pure_pursuitConfig-version.cmake
-- Installing: /home/sohum/Graph_SLAM_Pure_Pursuit/pure_pursuit/install/pure_pursuit/share/pure_pursuit/package.xml
